<?xml version="1.0" encoding="UTF-8"?>
<testsuite xmlns:xsi="http://www.w3.org/2001/XMLSchema-instance" xsi:noNamespaceSchemaLocation="https://maven.apache.org/surefire/maven-surefire-plugin/xsd/surefire-test-report-3.0.xsd" version="3.0" name="TestSuite" time="133.394" tests="4" errors="0" skipped="0" failures="0">
  <properties>
    <property name="java.specification.version" value="16"/>
    <property name="webdriver.chrome.driver" value="/Users/khomenko/.m2/repository/webdriver/chromedriver/mac64/93.0.4577.15/chromedriver"/>
    <property name="sun.jnu.encoding" value="UTF-8"/>
    <property name="java.class.path" value="/Users/khomenko/IdeaProjects/autoTest/target/test-classes:/Users/khomenko/IdeaProjects/autoTest/target/classes:/Users/khomenko/.m2/repository/com/codeborne/selenide/5.14.0/selenide-5.14.0.jar:/Users/khomenko/.m2/repository/org/seleniumhq/selenium/selenium-java/3.141.59/selenium-java-3.141.59.jar:/Users/khomenko/.m2/repository/org/seleniumhq/selenium/selenium-api/3.141.59/selenium-api-3.141.59.jar:/Users/khomenko/.m2/repository/org/seleniumhq/selenium/selenium-chrome-driver/3.141.59/selenium-chrome-driver-3.141.59.jar:/Users/khomenko/.m2/repository/org/seleniumhq/selenium/selenium-edge-driver/3.141.59/selenium-edge-driver-3.141.59.jar:/Users/khomenko/.m2/repository/org/seleniumhq/selenium/selenium-firefox-driver/3.141.59/selenium-firefox-driver-3.141.59.jar:/Users/khomenko/.m2/repository/org/seleniumhq/selenium/selenium-ie-driver/3.141.59/selenium-ie-driver-3.141.59.jar:/Users/khomenko/.m2/repository/org/seleniumhq/selenium/selenium-opera-driver/3.141.59/selenium-opera-driver-3.141.59.jar:/Users/khomenko/.m2/repository/org/seleniumhq/selenium/selenium-remote-driver/3.141.59/selenium-remote-driver-3.141.59.jar:/Users/khomenko/.m2/repository/org/seleniumhq/selenium/selenium-safari-driver/3.141.59/selenium-safari-driver-3.141.59.jar:/Users/khomenko/.m2/repository/org/seleniumhq/selenium/selenium-support/3.141.59/selenium-support-3.141.59.jar:/Users/khomenko/.m2/repository/org/apache/commons/commons-exec/1.3/commons-exec-1.3.jar:/Users/khomenko/.m2/repository/com/google/guava/guava/25.0-jre/guava-25.0-jre.jar:/Users/khomenko/.m2/repository/com/google/code/findbugs/jsr305/1.3.9/jsr305-1.3.9.jar:/Users/khomenko/.m2/repository/org/checkerframework/checker-compat-qual/2.0.0/checker-compat-qual-2.0.0.jar:/Users/khomenko/.m2/repository/com/google/errorprone/error_prone_annotations/2.1.3/error_prone_annotations-2.1.3.jar:/Users/khomenko/.m2/repository/com/google/j2objc/j2objc-annotations/1.1/j2objc-annotations-1.1.jar:/Users/khomenko/.m2/repository/org/codehaus/mojo/animal-sniffer-annotations/1.14/animal-sniffer-annotations-1.14.jar:/Users/khomenko/.m2/repository/com/squareup/okhttp3/okhttp/3.11.0/okhttp-3.11.0.jar:/Users/khomenko/.m2/repository/com/squareup/okio/okio/1.14.0/okio-1.14.0.jar:/Users/khomenko/.m2/repository/io/github/bonigarcia/webdrivermanager/4.1.0/webdrivermanager-4.1.0.jar:/Users/khomenko/.m2/repository/commons-io/commons-io/2.7/commons-io-2.7.jar:/Users/khomenko/.m2/repository/com/google/code/gson/gson/2.8.6/gson-2.8.6.jar:/Users/khomenko/.m2/repository/org/apache/commons/commons-lang3/3.10/commons-lang3-3.10.jar:/Users/khomenko/.m2/repository/org/rauschig/jarchivelib/1.0.0/jarchivelib-1.0.0.jar:/Users/khomenko/.m2/repository/org/apache/commons/commons-compress/1.18/commons-compress-1.18.jar:/Users/khomenko/.m2/repository/org/jsoup/jsoup/1.13.1/jsoup-1.13.1.jar:/Users/khomenko/.m2/repository/org/apache/httpcomponents/client5/httpclient5/5.0.1/httpclient5-5.0.1.jar:/Users/khomenko/.m2/repository/org/apache/httpcomponents/core5/httpcore5/5.0.1/httpcore5-5.0.1.jar:/Users/khomenko/.m2/repository/commons-codec/commons-codec/1.13/commons-codec-1.13.jar:/Users/khomenko/.m2/repository/org/slf4j/slf4j-api/1.7.30/slf4j-api-1.7.30.jar:/Users/khomenko/.m2/repository/org/testng/testng/6.14.2/testng-6.14.2.jar:/Users/khomenko/.m2/repository/com/beust/jcommander/1.72/jcommander-1.72.jar:/Users/khomenko/.m2/repository/org/apache-extras/beanshell/bsh/2.0b6/bsh-2.0b6.jar:/Users/khomenko/.m2/repository/org/slf4j/slf4j-simple/1.7.30/slf4j-simple-1.7.30.jar:/Users/khomenko/.m2/repository/io/qameta/allure/allure-testng/2.10.0/allure-testng-2.10.0.jar:/Users/khomenko/.m2/repository/io/qameta/allure/allure-java-commons/2.10.0/allure-java-commons-2.10.0.jar:/Users/khomenko/.m2/repository/io/qameta/allure/allure-model/2.10.0/allure-model-2.10.0.jar:/Users/khomenko/.m2/repository/com/fasterxml/jackson/core/jackson-databind/2.9.8/jackson-databind-2.9.8.jar:/Users/khomenko/.m2/repository/com/fasterxml/jackson/core/jackson-annotations/2.9.0/jackson-annotations-2.9.0.jar:/Users/khomenko/.m2/repository/com/fasterxml/jackson/core/jackson-core/2.9.8/jackson-core-2.9.8.jar:/Users/khomenko/.m2/repository/org/apache/tika/tika-core/1.20/tika-core-1.20.jar:/Users/khomenko/.m2/repository/org/jooq/joor-java-8/0.9.10/joor-java-8-0.9.10.jar:/Users/khomenko/.m2/repository/javax/xml/bind/jaxb-api/2.3.1/jaxb-api-2.3.1.jar:/Users/khomenko/.m2/repository/javax/activation/javax.activation-api/1.2.0/javax.activation-api-1.2.0.jar:/Users/khomenko/.m2/repository/javax/activation/activation/1.1/activation-1.1.jar:"/>
    <property name="java.vm.vendor" value="Homebrew"/>
    <property name="sun.arch.data.model" value="64"/>
    <property name="java.vendor.url" value="https://github.com/Homebrew/homebrew-core/issues"/>
    <property name="user.timezone" value="Europe/Samara"/>
    <property name="os.name" value="Mac OS X"/>
    <property name="java.vm.specification.version" value="16"/>
    <property name="sun.java.launcher" value="SUN_STANDARD"/>
    <property name="user.country" value="RU"/>
    <property name="sun.boot.library.path" value="/usr/local/Cellar/openjdk/16.0.2/libexec/openjdk.jdk/Contents/Home/lib"/>
    <property name="sun.java.command" value="/Users/khomenko/IdeaProjects/autoTest/target/surefire/surefirebooter8717725859393232389.jar /Users/khomenko/IdeaProjects/autoTest/target/surefire 2021-09-09T12-52-56_832-jvmRun1 surefire5040693088722448266tmp surefire_0756932569319126226tmp"/>
    <property name="http.nonProxyHosts" value="local|*.local|169.254/16|*.169.254/16"/>
    <property name="jdk.debug" value="release"/>
    <property name="surefire.test.class.path" value="/Users/khomenko/IdeaProjects/autoTest/target/test-classes:/Users/khomenko/IdeaProjects/autoTest/target/classes:/Users/khomenko/.m2/repository/com/codeborne/selenide/5.14.0/selenide-5.14.0.jar:/Users/khomenko/.m2/repository/org/seleniumhq/selenium/selenium-java/3.141.59/selenium-java-3.141.59.jar:/Users/khomenko/.m2/repository/org/seleniumhq/selenium/selenium-api/3.141.59/selenium-api-3.141.59.jar:/Users/khomenko/.m2/repository/org/seleniumhq/selenium/selenium-chrome-driver/3.141.59/selenium-chrome-driver-3.141.59.jar:/Users/khomenko/.m2/repository/org/seleniumhq/selenium/selenium-edge-driver/3.141.59/selenium-edge-driver-3.141.59.jar:/Users/khomenko/.m2/repository/org/seleniumhq/selenium/selenium-firefox-driver/3.141.59/selenium-firefox-driver-3.141.59.jar:/Users/khomenko/.m2/repository/org/seleniumhq/selenium/selenium-ie-driver/3.141.59/selenium-ie-driver-3.141.59.jar:/Users/khomenko/.m2/repository/org/seleniumhq/selenium/selenium-opera-driver/3.141.59/selenium-opera-driver-3.141.59.jar:/Users/khomenko/.m2/repository/org/seleniumhq/selenium/selenium-remote-driver/3.141.59/selenium-remote-driver-3.141.59.jar:/Users/khomenko/.m2/repository/org/seleniumhq/selenium/selenium-safari-driver/3.141.59/selenium-safari-driver-3.141.59.jar:/Users/khomenko/.m2/repository/org/seleniumhq/selenium/selenium-support/3.141.59/selenium-support-3.141.59.jar:/Users/khomenko/.m2/repository/org/apache/commons/commons-exec/1.3/commons-exec-1.3.jar:/Users/khomenko/.m2/repository/com/google/guava/guava/25.0-jre/guava-25.0-jre.jar:/Users/khomenko/.m2/repository/com/google/code/findbugs/jsr305/1.3.9/jsr305-1.3.9.jar:/Users/khomenko/.m2/repository/org/checkerframework/checker-compat-qual/2.0.0/checker-compat-qual-2.0.0.jar:/Users/khomenko/.m2/repository/com/google/errorprone/error_prone_annotations/2.1.3/error_prone_annotations-2.1.3.jar:/Users/khomenko/.m2/repository/com/google/j2objc/j2objc-annotations/1.1/j2objc-annotations-1.1.jar:/Users/khomenko/.m2/repository/org/codehaus/mojo/animal-sniffer-annotations/1.14/animal-sniffer-annotations-1.14.jar:/Users/khomenko/.m2/repository/com/squareup/okhttp3/okhttp/3.11.0/okhttp-3.11.0.jar:/Users/khomenko/.m2/repository/com/squareup/okio/okio/1.14.0/okio-1.14.0.jar:/Users/khomenko/.m2/repository/io/github/bonigarcia/webdrivermanager/4.1.0/webdrivermanager-4.1.0.jar:/Users/khomenko/.m2/repository/commons-io/commons-io/2.7/commons-io-2.7.jar:/Users/khomenko/.m2/repository/com/google/code/gson/gson/2.8.6/gson-2.8.6.jar:/Users/khomenko/.m2/repository/org/apache/commons/commons-lang3/3.10/commons-lang3-3.10.jar:/Users/khomenko/.m2/repository/org/rauschig/jarchivelib/1.0.0/jarchivelib-1.0.0.jar:/Users/khomenko/.m2/repository/org/apache/commons/commons-compress/1.18/commons-compress-1.18.jar:/Users/khomenko/.m2/repository/org/jsoup/jsoup/1.13.1/jsoup-1.13.1.jar:/Users/khomenko/.m2/repository/org/apache/httpcomponents/client5/httpclient5/5.0.1/httpclient5-5.0.1.jar:/Users/khomenko/.m2/repository/org/apache/httpcomponents/core5/httpcore5/5.0.1/httpcore5-5.0.1.jar:/Users/khomenko/.m2/repository/commons-codec/commons-codec/1.13/commons-codec-1.13.jar:/Users/khomenko/.m2/repository/org/slf4j/slf4j-api/1.7.30/slf4j-api-1.7.30.jar:/Users/khomenko/.m2/repository/org/testng/testng/6.14.2/testng-6.14.2.jar:/Users/khomenko/.m2/repository/com/beust/jcommander/1.72/jcommander-1.72.jar:/Users/khomenko/.m2/repository/org/apache-extras/beanshell/bsh/2.0b6/bsh-2.0b6.jar:/Users/khomenko/.m2/repository/org/slf4j/slf4j-simple/1.7.30/slf4j-simple-1.7.30.jar:/Users/khomenko/.m2/repository/io/qameta/allure/allure-testng/2.10.0/allure-testng-2.10.0.jar:/Users/khomenko/.m2/repository/io/qameta/allure/allure-java-commons/2.10.0/allure-java-commons-2.10.0.jar:/Users/khomenko/.m2/repository/io/qameta/allure/allure-model/2.10.0/allure-model-2.10.0.jar:/Users/khomenko/.m2/repository/com/fasterxml/jackson/core/jackson-databind/2.9.8/jackson-databind-2.9.8.jar:/Users/khomenko/.m2/repository/com/fasterxml/jackson/core/jackson-annotations/2.9.0/jackson-annotations-2.9.0.jar:/Users/khomenko/.m2/repository/com/fasterxml/jackson/core/jackson-core/2.9.8/jackson-core-2.9.8.jar:/Users/khomenko/.m2/repository/org/apache/tika/tika-core/1.20/tika-core-1.20.jar:/Users/khomenko/.m2/repository/org/jooq/joor-java-8/0.9.10/joor-java-8-0.9.10.jar:/Users/khomenko/.m2/repository/javax/xml/bind/jaxb-api/2.3.1/jaxb-api-2.3.1.jar:/Users/khomenko/.m2/repository/javax/activation/javax.activation-api/1.2.0/javax.activation-api-1.2.0.jar:/Users/khomenko/.m2/repository/javax/activation/activation/1.1/activation-1.1.jar:"/>
    <property name="allure.results.directory" value="/Users/khomenko/IdeaProjects/autoTest/target/allure-results"/>
    <property name="sun.cpu.endian" value="little"/>
    <property name="user.home" value="/Users/khomenko"/>
    <property name="user.language" value="ru"/>
    <property name="java.specification.vendor" value="Oracle Corporation"/>
    <property name="java.version.date" value="2021-07-20"/>
    <property name="java.home" value="/usr/local/Cellar/openjdk/16.0.2/libexec/openjdk.jdk/Contents/Home"/>
    <property name="file.separator" value="/"/>
    <property name="basedir" value="/Users/khomenko/IdeaProjects/autoTest"/>
    <property name="java.vm.compressedOopsMode" value="Zero based"/>
    <property name="line.separator" value="&#10;"/>
    <property name="java.vm.specification.vendor" value="Oracle Corporation"/>
    <property name="java.specification.name" value="Java Platform API Specification"/>
    <property name="surefire.real.class.path" value="/Users/khomenko/IdeaProjects/autoTest/target/surefire/surefirebooter8717725859393232389.jar"/>
    <property name="sun.management.compiler" value="HotSpot 64-Bit Tiered Compilers"/>
    <property name="ftp.nonProxyHosts" value="local|*.local|169.254/16|*.169.254/16"/>
    <property name="java.runtime.version" value="16.0.2+0"/>
    <property name="user.name" value="khomenko"/>
    <property name="path.separator" value=":"/>
    <property name="os.version" value="11.5.2"/>
    <property name="java.runtime.name" value="OpenJDK Runtime Environment"/>
    <property name="file.encoding" value="UTF-8"/>
    <property name="java.vm.name" value="OpenJDK 64-Bit Server VM"/>
    <property name="java.vendor.version" value="Homebrew"/>
    <property name="localRepository" value="/Users/khomenko/.m2/repository"/>
    <property name="java.vendor.url.bug" value="https://github.com/Homebrew/homebrew-core/issues"/>
    <property name="java.io.tmpdir" value="/var/folders/bx/yk7bmhlj79336hqhl04mkfyh0000gn/T/"/>
    <property name="java.version" value="16.0.2"/>
    <property name="user.dir" value="/Users/khomenko/IdeaProjects/autoTest"/>
    <property name="os.arch" value="x86_64"/>
    <property name="java.vm.specification.name" value="Java Virtual Machine Specification"/>
    <property name="java.library.path" value="/Users/khomenko/Library/Java/Extensions:/Library/Java/Extensions:/Network/Library/Java/Extensions:/System/Library/Java/Extensions:/usr/lib/java:."/>
    <property name="java.vm.info" value="mixed mode, sharing"/>
    <property name="java.vendor" value="Homebrew"/>
    <property name="java.vm.version" value="16.0.2+0"/>
    <property name="sun.io.unicode.encoding" value="UnicodeBig"/>
    <property name="socksNonProxyHosts" value="local|*.local|169.254/16|*.169.254/16"/>
    <property name="java.class.version" value="60.0"/>
  </properties>
  <testcase name="start[UtilNoteBook{name=&apos;ASUS&apos;, min=32190, max=74120}, 90000](1)" classname="MainTest" time="16.342">
    <system-out><![CDATA[UtilNoteBook{name='ASUS', min=32190, max=74120}
UtilNoteBook{name='Lenovo', min=12500, max=87330}
UtilNoteBook{name='DELL', min=32190, max=85490}
UtilNoteBook{name='HONOR', min=32190, max=95490}
]]></system-out>
    <system-err><![CDATA[[main] INFO com.codeborne.selenide.impl.WebDriverThreadLocalContainer - No webdriver is bound to current thread: 1 - let's create a new webdriver
[main] INFO com.codeborne.selenide.impl.FileHelper - Creating folder: /Users/khomenko/IdeaProjects/autoTest/build/downloads/1631177580787_3370_1
[main] INFO io.github.bonigarcia.wdm.WebDriverManager - Using chromedriver 93.0.4577.15 (since Chrome 93 is installed in your machine)
[main] INFO io.github.bonigarcia.wdm.WebDriverManager - Exporting webdriver.chrome.driver as /Users/khomenko/.m2/repository/webdriver/chromedriver/mac64/93.0.4577.15/chromedriver
[main] INFO com.codeborne.selenide.webdriver.AbstractDriverFactory - Write webdriver logs to: /Users/khomenko/IdeaProjects/autoTest/build/reports/tests/webdriver.1631177581797_3370_1.log
Starting ChromeDriver 93.0.4577.15 (660fc11082ba57405eca2e8c49c3e1af756fbfae-refs/branch-heads/4577@{#203}) on port 46115
Only local connections are allowed.
Please see https://chromedriver.chromium.org/security-considerations for suggestions on keeping ChromeDriver safe.
ChromeDriver was started successfully.
сент. 09, 2021 12:53:04 PM org.openqa.selenium.remote.ProtocolHandshake createSession
INFO: Detected dialect: W3C
[main] INFO com.codeborne.selenide.webdriver.BrowserResizer - Set browser size to 1366x768
[main] INFO com.codeborne.selenide.webdriver.WebDriverFactory - BrowserName=chrome Version=93.0.4577.63 Platform=MAC
[main] INFO com.codeborne.selenide.webdriver.WebDriverFactory - Selenide v. 5.14.0
[main] INFO com.codeborne.selenide.webdriver.WebDriverFactory - Selenium WebDriver v. 3.141.59 build time: 2018-11-14T08:17:03
[main] INFO com.codeborne.selenide.drivercommands.CreateDriverCommand - Create webdriver in current thread 1: ChromeDriver -> ChromeDriver: chrome on MAC (d36eb935ea489cae4101bcad5b13c87c)
]]></system-err>
  </testcase>
  <testcase name="start[UtilNoteBook{name=&apos;Lenovo&apos;, min=12500, max=87330}, 90000](2)" classname="MainTest" time="15.116"/>
  <testcase name="start[UtilNoteBook{name=&apos;DELL&apos;, min=32190, max=85490}, 90000](3)" classname="MainTest" time="14.169"/>
  <testcase name="start[UtilNoteBook{name=&apos;HONOR&apos;, min=32190, max=95490}, 90000](4)" classname="MainTest" time="13.282"/>
</testsuite>