<?xml version="1.0" encoding="UTF-8"?>
<!-- Generated by org.testng.reporters.JUnitReportReporter -->
<testsuite hostname="Nikitas-MacBook-Pro.local" failures="0" tests="4" name="MainTest" time="98.856" errors="0" timestamp="09 сент. 2021 08:55:11 GMT" skipped="0">
  <testcase classname="MainTest" name="start" time="25.454"/>
  <testcase classname="MainTest" name="start" time="25.773"/>
  <testcase classname="MainTest" name="start" time="23.421"/>
  <testcase classname="MainTest" name="start" time="24.208"/>
</testsuite> <!-- MainTest -->
